# Logfile created on 2014-01-21 14:57:51 +0900 by logger.rb/31641
I, [2014-01-21T14:57:51.733333 #84970]  INFO -- : 0:  i18n (0.6.9) from /Users/hide/github/try-vagrant-digitalocean/vendor/bundle/ruby/1.9.1/specifications/i18n-0.6.9.gemspec
I, [2014-01-21T14:57:52.467184 #84970]  INFO -- : 0:  multi_json (1.8.4) from /Users/hide/github/try-vagrant-digitalocean/vendor/bundle/ruby/1.9.1/specifications/multi_json-1.8.4.gemspec
I, [2014-01-21T14:57:54.055344 #84970]  INFO -- : 0:  activesupport (3.2.16) from /Users/hide/github/try-vagrant-digitalocean/vendor/bundle/ruby/1.9.1/specifications/activesupport-3.2.16.gemspec
I, [2014-01-21T14:57:54.924793 #84970]  INFO -- : 0:  addressable (2.3.5) from /Users/hide/github/try-vagrant-digitalocean/vendor/bundle/ruby/1.9.1/specifications/addressable-2.3.5.gemspec
I, [2014-01-21T14:57:55.687370 #84970]  INFO -- : 0:  builder (3.2.2) from /Users/hide/github/try-vagrant-digitalocean/vendor/bundle/ruby/1.9.1/specifications/builder-3.2.2.gemspec
I, [2014-01-21T14:57:56.427460 #84970]  INFO -- : 0:  gyoku (1.1.1) from /Users/hide/github/try-vagrant-digitalocean/vendor/bundle/ruby/1.9.1/specifications/gyoku-1.1.1.gemspec
I, [2014-01-21T14:57:57.189412 #84970]  INFO -- : 0:  mini_portile (0.5.2) from /Users/hide/github/try-vagrant-digitalocean/vendor/bundle/ruby/1.9.1/specifications/mini_portile-0.5.2.gemspec
I, [2014-01-21T15:00:32.811319 #84970]  INFO -- : 0:  nokogiri (1.6.1) from /Users/hide/github/try-vagrant-digitalocean/vendor/bundle/ruby/1.9.1/specifications/nokogiri-1.6.1.gemspec
I, [2014-01-21T15:00:33.800237 #84970]  INFO -- : 0:  akami (1.2.0) from /Users/hide/github/try-vagrant-digitalocean/vendor/bundle/ruby/1.9.1/specifications/akami-1.2.0.gemspec
I, [2014-01-21T15:00:34.698929 #84970]  INFO -- : 0:  buff-ruby_engine (0.1.0) from /Users/hide/github/try-vagrant-digitalocean/vendor/bundle/ruby/1.9.1/specifications/buff-ruby_engine-0.1.0.gemspec
I, [2014-01-21T15:00:35.484760 #84970]  INFO -- : 0:  buff-shell_out (0.1.1) from /Users/hide/github/try-vagrant-digitalocean/vendor/bundle/ruby/1.9.1/specifications/buff-shell_out-0.1.1.gemspec
I, [2014-01-21T15:00:36.381997 #84970]  INFO -- : 0:  hashie (2.0.5) from /Users/hide/github/try-vagrant-digitalocean/vendor/bundle/ruby/1.9.1/specifications/hashie-2.0.5.gemspec
I, [2014-01-21T15:00:37.160422 #84970]  INFO -- : 0:  chozo (0.6.1) from /Users/hide/github/try-vagrant-digitalocean/vendor/bundle/ruby/1.9.1/specifications/chozo-0.6.1.gemspec
I, [2014-01-21T15:00:37.862476 #84970]  INFO -- : 0:  multipart-post (1.2.0) from /Users/hide/github/try-vagrant-digitalocean/vendor/bundle/ruby/1.9.1/specifications/multipart-post-1.2.0.gemspec
I, [2014-01-21T15:00:39.003997 #84970]  INFO -- : 0:  faraday (0.8.9) from /Users/hide/github/try-vagrant-digitalocean/vendor/bundle/ruby/1.9.1/specifications/faraday-0.8.9.gemspec
I, [2014-01-21T15:00:39.871579 #84970]  INFO -- : 0:  minitar (0.5.4) from /Users/hide/github/try-vagrant-digitalocean/vendor/bundle/ruby/1.9.1/specifications/minitar-0.5.4.gemspec
I, [2014-01-21T15:00:40.643245 #84970]  INFO -- : 0:  rbzip2 (0.2.0) from /Users/hide/github/try-vagrant-digitalocean/vendor/bundle/ruby/1.9.1/specifications/rbzip2-0.2.0.gemspec
I, [2014-01-21T15:00:41.421282 #84970]  INFO -- : 0:  retryable (1.3.4) from /Users/hide/github/try-vagrant-digitalocean/vendor/bundle/ruby/1.9.1/specifications/retryable-1.3.4.gemspec
I, [2014-01-21T15:00:42.287189 #84970]  INFO -- : 0:  buff-extensions (0.5.0) from /Users/hide/github/try-vagrant-digitalocean/vendor/bundle/ruby/1.9.1/specifications/buff-extensions-0.5.0.gemspec
I, [2014-01-21T15:00:43.109528 #84970]  INFO -- : 0:  varia_model (0.3.2) from /Users/hide/github/try-vagrant-digitalocean/vendor/bundle/ruby/1.9.1/specifications/varia_model-0.3.2.gemspec
I, [2014-01-21T15:00:43.763272 #84970]  INFO -- : 0:  buff-config (0.4.0) from /Users/hide/github/try-vagrant-digitalocean/vendor/bundle/ruby/1.9.1/specifications/buff-config-0.4.0.gemspec
I, [2014-01-21T15:00:45.160949 #84970]  INFO -- : 0:  buff-ignore (1.1.1) from /Users/hide/github/try-vagrant-digitalocean/vendor/bundle/ruby/1.9.1/specifications/buff-ignore-1.1.1.gemspec
I, [2014-01-21T15:00:49.190275 #84970]  INFO -- : 0:  hitimes (1.2.1) from /Users/hide/github/try-vagrant-digitalocean/vendor/bundle/ruby/1.9.1/specifications/hitimes-1.2.1.gemspec
I, [2014-01-21T15:00:49.916183 #84970]  INFO -- : 0:  timers (2.0.0) from /Users/hide/github/try-vagrant-digitalocean/vendor/bundle/ruby/1.9.1/specifications/timers-2.0.0.gemspec
I, [2014-01-21T15:00:50.968170 #84970]  INFO -- : 0:  celluloid (0.14.1) from /Users/hide/github/try-vagrant-digitalocean/vendor/bundle/ruby/1.9.1/specifications/celluloid-0.14.1.gemspec
I, [2014-01-21T15:00:55.076266 #84970]  INFO -- : 0:  nio4r (1.0.0) from /Users/hide/github/try-vagrant-digitalocean/vendor/bundle/ruby/1.9.1/specifications/nio4r-1.0.0.gemspec
I, [2014-01-21T15:00:56.074397 #84970]  INFO -- : 0:  celluloid-io (0.14.1) from /Users/hide/github/try-vagrant-digitalocean/vendor/bundle/ruby/1.9.1/specifications/celluloid-io-0.14.1.gemspec
I, [2014-01-21T15:00:57.469027 #84970]  INFO -- : 0:  erubis (2.7.0) from /Users/hide/github/try-vagrant-digitalocean/vendor/bundle/ruby/1.9.1/specifications/erubis-2.7.0.gemspec
I, [2014-01-21T15:00:59.335703 #84970]  INFO -- : 0:  json (1.7.7) from /Users/hide/github/try-vagrant-digitalocean/vendor/bundle/ruby/1.9.1/specifications/json-1.7.7.gemspec
I, [2014-01-21T15:01:00.130508 #84970]  INFO -- : 0:  mixlib-log (1.6.0) from /Users/hide/github/try-vagrant-digitalocean/vendor/bundle/ruby/1.9.1/specifications/mixlib-log-1.6.0.gemspec
I, [2014-01-21T15:01:01.244144 #84970]  INFO -- : 0:  mixlib-authentication (1.3.0) from /Users/hide/github/try-vagrant-digitalocean/vendor/bundle/ruby/1.9.1/specifications/mixlib-authentication-1.3.0.gemspec
I, [2014-01-21T15:01:01.932481 #84970]  INFO -- : 0:  net-http-persistent (2.9) from /Users/hide/github/try-vagrant-digitalocean/vendor/bundle/ruby/1.9.1/specifications/net-http-persistent-2.9.gemspec
I, [2014-01-21T15:01:03.100663 #84970]  INFO -- : 0:  net-ssh (2.7.0) from /Users/hide/github/try-vagrant-digitalocean/vendor/bundle/ruby/1.9.1/specifications/net-ssh-2.7.0.gemspec
I, [2014-01-21T15:01:03.754567 #84970]  INFO -- : 0:  solve (0.8.2) from /Users/hide/github/try-vagrant-digitalocean/vendor/bundle/ruby/1.9.1/specifications/solve-0.8.2.gemspec
I, [2014-01-21T15:01:18.386522 #84970]  INFO -- : 0:  ffi (1.9.3) from /Users/hide/github/try-vagrant-digitalocean/vendor/bundle/ruby/1.9.1/specifications/ffi-1.9.3.gemspec
I, [2014-01-21T15:01:19.161975 #84970]  INFO -- : 0:  gssapi (1.0.3) from /Users/hide/github/try-vagrant-digitalocean/vendor/bundle/ruby/1.9.1/specifications/gssapi-1.0.3.gemspec
I, [2014-01-21T15:01:20.615776 #84970]  INFO -- : 0:  httpclient (2.3.4.1) from /Users/hide/github/try-vagrant-digitalocean/vendor/bundle/ruby/1.9.1/specifications/httpclient-2.3.4.1.gemspec
I, [2014-01-21T15:01:22.011919 #84970]  INFO -- : 0:  little-plugger (1.1.3) from /Users/hide/github/try-vagrant-digitalocean/vendor/bundle/ruby/1.9.1/specifications/little-plugger-1.1.3.gemspec
I, [2014-01-21T15:01:23.086327 #84970]  INFO -- : 0:  logging (1.8.1) from /Users/hide/github/try-vagrant-digitalocean/vendor/bundle/ruby/1.9.1/specifications/logging-1.8.1.gemspec
I, [2014-01-21T15:01:23.724766 #84970]  INFO -- : 0:  rubyntlm (0.1.1) from /Users/hide/github/try-vagrant-digitalocean/vendor/bundle/ruby/1.9.1/specifications/rubyntlm-0.1.1.gemspec
I, [2014-01-21T15:01:25.129250 #84970]  INFO -- : 0:  rack (1.5.2) from /Users/hide/github/try-vagrant-digitalocean/vendor/bundle/ruby/1.9.1/specifications/rack-1.5.2.gemspec
I, [2014-01-21T15:01:25.953834 #84970]  INFO -- : 0:  httpi (0.9.7) from /Users/hide/github/try-vagrant-digitalocean/vendor/bundle/ruby/1.9.1/specifications/httpi-0.9.7.gemspec
I, [2014-01-21T15:01:26.611479 #84970]  INFO -- : 0:  nori (1.1.5) from /Users/hide/github/try-vagrant-digitalocean/vendor/bundle/ruby/1.9.1/specifications/nori-1.1.5.gemspec
I, [2014-01-21T15:01:27.626334 #84970]  INFO -- : 0:  wasabi (1.0.0) from /Users/hide/github/try-vagrant-digitalocean/vendor/bundle/ruby/1.9.1/specifications/wasabi-1.0.0.gemspec
I, [2014-01-21T15:01:29.066968 #84970]  INFO -- : 0:  savon (0.9.5) from /Users/hide/github/try-vagrant-digitalocean/vendor/bundle/ruby/1.9.1/specifications/savon-0.9.5.gemspec
I, [2014-01-21T15:01:34.403230 #84970]  INFO -- : 0:  uuidtools (2.1.4) from /Users/hide/github/try-vagrant-digitalocean/vendor/bundle/ruby/1.9.1/specifications/uuidtools-2.1.4.gemspec
I, [2014-01-21T15:01:46.652792 #84970]  INFO -- : 0:  winrm (1.1.3) from /Users/hide/github/try-vagrant-digitalocean/vendor/bundle/ruby/1.9.1/specifications/winrm-1.1.3.gemspec
I, [2014-01-21T15:01:47.763824 #84970]  INFO -- : 0:  ridley (1.5.3) from /Users/hide/github/try-vagrant-digitalocean/vendor/bundle/ruby/1.9.1/specifications/ridley-1.5.3.gemspec
I, [2014-01-21T15:01:48.748975 #84970]  INFO -- : 0:  thor (0.18.1) from /Users/hide/github/try-vagrant-digitalocean/vendor/bundle/ruby/1.9.1/specifications/thor-0.18.1.gemspec
I, [2014-01-21T15:01:50.303495 #84970]  INFO -- : 0:  berkshelf (2.0.13) from /Users/hide/github/try-vagrant-digitalocean/vendor/bundle/ruby/1.9.1/specifications/berkshelf-2.0.13.gemspec
I, [2014-01-21T15:01:51.169202 #84970]  INFO -- : 0:  moneta (0.6.0) from /Users/hide/github/try-vagrant-digitalocean/vendor/bundle/ruby/1.9.1/specifications/moneta-0.6.0.gemspec
I, [2014-01-21T15:01:52.060571 #84970]  INFO -- : 0:  chef-zero (1.7.2) from /Users/hide/github/try-vagrant-digitalocean/vendor/bundle/ruby/1.9.1/specifications/chef-zero-1.7.2.gemspec
I, [2014-01-21T15:01:52.935764 #84970]  INFO -- : 0:  diff-lcs (1.2.5) from /Users/hide/github/try-vagrant-digitalocean/vendor/bundle/ruby/1.9.1/specifications/diff-lcs-1.2.5.gemspec
I, [2014-01-21T15:01:54.119028 #84970]  INFO -- : 0:  highline (1.6.20) from /Users/hide/github/try-vagrant-digitalocean/vendor/bundle/ruby/1.9.1/specifications/highline-1.6.20.gemspec
I, [2014-01-21T15:01:55.073800 #84970]  INFO -- : 0:  mime-types (1.25.1) from /Users/hide/github/try-vagrant-digitalocean/vendor/bundle/ruby/1.9.1/specifications/mime-types-1.25.1.gemspec
I, [2014-01-21T15:01:55.732714 #84970]  INFO -- : 0:  mixlib-cli (1.4.0) from /Users/hide/github/try-vagrant-digitalocean/vendor/bundle/ruby/1.9.1/specifications/mixlib-cli-1.4.0.gemspec
I, [2014-01-21T15:01:56.767565 #84970]  INFO -- : 0:  mixlib-config (2.1.0) from /Users/hide/github/try-vagrant-digitalocean/vendor/bundle/ruby/1.9.1/specifications/mixlib-config-2.1.0.gemspec
I, [2014-01-21T15:01:57.448172 #84970]  INFO -- : 0:  mixlib-shellout (1.3.0) from /Users/hide/github/try-vagrant-digitalocean/vendor/bundle/ruby/1.9.1/specifications/mixlib-shellout-1.3.0.gemspec
I, [2014-01-21T15:01:58.198021 #84970]  INFO -- : 0:  net-ssh-gateway (1.2.0) from /Users/hide/github/try-vagrant-digitalocean/vendor/bundle/ruby/1.9.1/specifications/net-ssh-gateway-1.2.0.gemspec
I, [2014-01-21T15:01:58.921751 #84970]  INFO -- : 0:  net-ssh-multi (1.1) from /Users/hide/github/try-vagrant-digitalocean/vendor/bundle/ruby/1.9.1/specifications/net-ssh-multi-1.1.gemspec
I, [2014-01-21T15:02:00.251293 #84970]  INFO -- : 0:  ipaddress (0.8.0) from /Users/hide/github/try-vagrant-digitalocean/vendor/bundle/ruby/1.9.1/specifications/ipaddress-0.8.0.gemspec
I, [2014-01-21T15:02:01.948217 #84970]  INFO -- : 0:  systemu (2.5.2) from /Users/hide/github/try-vagrant-digitalocean/vendor/bundle/ruby/1.9.1/specifications/systemu-2.5.2.gemspec
I, [2014-01-21T15:02:04.763601 #84970]  INFO -- : 0:  yajl-ruby (1.2.0) from /Users/hide/github/try-vagrant-digitalocean/vendor/bundle/ruby/1.9.1/specifications/yajl-ruby-1.2.0.gemspec
I, [2014-01-21T15:02:06.432013 #84970]  INFO -- : 0:  ohai (6.20.0) from /Users/hide/github/try-vagrant-digitalocean/vendor/bundle/ruby/1.9.1/specifications/ohai-6.20.0.gemspec
I, [2014-01-21T15:02:07.387614 #84970]  INFO -- : 0:  coderay (1.1.0) from /Users/hide/github/try-vagrant-digitalocean/vendor/bundle/ruby/1.9.1/specifications/coderay-1.1.0.gemspec
I, [2014-01-21T15:02:08.112356 #84970]  INFO -- : 0:  method_source (0.8.2) from /Users/hide/github/try-vagrant-digitalocean/vendor/bundle/ruby/1.9.1/specifications/method_source-0.8.2.gemspec
I, [2014-01-21T15:02:08.808314 #84970]  INFO -- : 0:  slop (3.4.7) from /Users/hide/github/try-vagrant-digitalocean/vendor/bundle/ruby/1.9.1/specifications/slop-3.4.7.gemspec
I, [2014-01-21T15:02:10.301177 #84970]  INFO -- : 0:  pry (0.9.12.4) from /Users/hide/github/try-vagrant-digitalocean/vendor/bundle/ruby/1.9.1/specifications/pry-0.9.12.4.gemspec
I, [2014-01-21T15:02:11.516928 #84970]  INFO -- : 0:  puma (1.6.3) from /Users/hide/github/try-vagrant-digitalocean/vendor/bundle/ruby/1.9.1/specifications/puma-1.6.3.gemspec
I, [2014-01-21T15:02:12.488867 #84970]  INFO -- : 0:  rest-client (1.6.7) from /Users/hide/github/try-vagrant-digitalocean/vendor/bundle/ruby/1.9.1/specifications/rest-client-1.6.7.gemspec
I, [2014-01-21T15:02:16.746556 #84970]  INFO -- : 0:  chef (11.8.2) from /Users/hide/github/try-vagrant-digitalocean/vendor/bundle/ruby/1.9.1/specifications/chef-11.8.2.gemspec
I, [2014-01-21T15:02:17.729095 #84970]  INFO -- : 0:  knife-solo (0.4.1) from /Users/hide/github/try-vagrant-digitalocean/vendor/bundle/ruby/1.9.1/specifications/knife-solo-0.4.1.gemspec
I, [2014-01-21T15:02:19.158377 #84970]  INFO -- : 0:  rspec-core (2.14.7) from /Users/hide/github/try-vagrant-digitalocean/vendor/bundle/ruby/1.9.1/specifications/rspec-core-2.14.7.gemspec
I, [2014-01-21T15:02:20.226884 #84970]  INFO -- : 0:  rspec-expectations (2.14.4) from /Users/hide/github/try-vagrant-digitalocean/vendor/bundle/ruby/1.9.1/specifications/rspec-expectations-2.14.4.gemspec
I, [2014-01-21T15:02:21.309725 #84970]  INFO -- : 0:  rspec-mocks (2.14.4) from /Users/hide/github/try-vagrant-digitalocean/vendor/bundle/ruby/1.9.1/specifications/rspec-mocks-2.14.4.gemspec
I, [2014-01-21T15:02:22.029534 #84970]  INFO -- : 0:  rspec (2.14.1) from /Users/hide/github/try-vagrant-digitalocean/vendor/bundle/ruby/1.9.1/specifications/rspec-2.14.1.gemspec
I, [2014-01-21T15:02:23.291498 #84970]  INFO -- : 0:  specinfra (0.4.1) from /Users/hide/github/try-vagrant-digitalocean/vendor/bundle/ruby/1.9.1/specifications/specinfra-0.4.1.gemspec
I, [2014-01-21T15:02:24.339861 #84970]  INFO -- : 0:  serverspec (0.14.3) from /Users/hide/github/try-vagrant-digitalocean/vendor/bundle/ruby/1.9.1/specifications/serverspec-0.14.3.gemspec
I, [2014-01-21T15:02:24.340513 #84970]  INFO -- : 0:  bundler (1.5.1) from /Users/hide/.rbenv/versions/1.9.3-rc1/lib/ruby/gems/1.9.1/gems/bundler-1.5.1/lib/bundler/source
